c:\users\matthew\desktop\current\3rd_year_project\groupproject\group project\debug\vc140.pdb
c:\users\matthew\desktop\current\3rd_year_project\groupproject\group project\debug\vc140.idb
c:\users\matthew\desktop\current\3rd_year_project\groupproject\group project\debug\pausemenu.obj
c:\users\matthew\desktop\current\3rd_year_project\groupproject\group project\debug\pickuphealth.obj
c:\users\matthew\desktop\current\3rd_year_project\groupproject\group project\debug\pickupmana.obj
c:\users\matthew\desktop\current\3rd_year_project\groupproject\group project\debug\pickupscore.obj
c:\users\matthew\desktop\current\3rd_year_project\groupproject\group project\debug\button.obj
c:\users\matthew\desktop\current\3rd_year_project\groupproject\group project\debug\collisiondetection.obj
c:\users\matthew\desktop\current\3rd_year_project\groupproject\group project\debug\enemy.obj
c:\users\matthew\desktop\current\3rd_year_project\groupproject\group project\debug\gameentrypoint.obj
c:\users\matthew\desktop\current\3rd_year_project\groupproject\group project\debug\gamescreen.obj
c:\users\matthew\desktop\current\3rd_year_project\groupproject\group project\debug\gamestatemanager.obj
c:\users\matthew\desktop\current\3rd_year_project\groupproject\group project\debug\mainmenu.obj
c:\users\matthew\desktop\current\3rd_year_project\groupproject\group project\debug\menu.obj
c:\users\matthew\desktop\current\3rd_year_project\groupproject\group project\debug\optionsmenu.obj
c:\users\matthew\desktop\current\3rd_year_project\groupproject\group project\debug\pickup.obj
c:\users\matthew\desktop\current\3rd_year_project\groupproject\group project\debug\player.obj
c:\users\matthew\desktop\current\3rd_year_project\groupproject\group project\debug\playerinput.obj
c:\users\matthew\desktop\current\3rd_year_project\groupproject\group project\debug\projectile.obj
c:\users\matthew\desktop\current\3rd_year_project\groupproject\group project\debug\stdafx.obj
c:\users\matthew\desktop\current\3rd_year_project\groupproject\group project\debug\tile.obj
c:\users\matthew\desktop\current\3rd_year_project\groupproject\debug\group project.pdb
c:\users\matthew\desktop\current\3rd_year_project\groupproject\debug\group project.ilk
c:\users\matthew\desktop\current\3rd_year_project\groupproject\group project\debug\group project.tlog\cl.command.1.tlog
c:\users\matthew\desktop\current\3rd_year_project\groupproject\group project\debug\group project.tlog\cl.read.1.tlog
c:\users\matthew\desktop\current\3rd_year_project\groupproject\group project\debug\group project.tlog\cl.write.1.tlog
c:\users\matthew\desktop\current\3rd_year_project\groupproject\group project\debug\group project.tlog\link.command.1.tlog
c:\users\matthew\desktop\current\3rd_year_project\groupproject\group project\debug\group project.tlog\link.read.1.tlog
c:\users\matthew\desktop\current\3rd_year_project\groupproject\group project\debug\group project.tlog\link.write.1.tlog
