c:\users\matthew\desktop\ai_branch (2)\ai_branch\3rd_year_project\groupproject\group project\release\vc140.pdb
c:\users\matthew\desktop\ai_branch (2)\ai_branch\3rd_year_project\groupproject\group project\release\playerinput.obj
c:\users\matthew\desktop\ai_branch (2)\ai_branch\3rd_year_project\groupproject\group project\release\player.obj
c:\users\matthew\desktop\ai_branch (2)\ai_branch\3rd_year_project\groupproject\group project\release\pickup.obj
c:\users\matthew\desktop\ai_branch (2)\ai_branch\3rd_year_project\groupproject\group project\release\optionsmenu.obj
c:\users\matthew\desktop\ai_branch (2)\ai_branch\3rd_year_project\groupproject\group project\release\menu.obj
c:\users\matthew\desktop\ai_branch (2)\ai_branch\3rd_year_project\groupproject\group project\release\mainmenu.obj
c:\users\matthew\desktop\ai_branch (2)\ai_branch\3rd_year_project\groupproject\group project\release\gamestatemanager.obj
c:\users\matthew\desktop\ai_branch (2)\ai_branch\3rd_year_project\groupproject\group project\release\gamescreen.obj
c:\users\matthew\desktop\ai_branch (2)\ai_branch\3rd_year_project\groupproject\group project\release\gameentrypoint.obj
c:\users\matthew\desktop\ai_branch (2)\ai_branch\3rd_year_project\groupproject\group project\release\enemy.obj
c:\users\matthew\desktop\ai_branch (2)\ai_branch\3rd_year_project\groupproject\group project\release\collisiondetection.obj
c:\users\matthew\desktop\ai_branch (2)\ai_branch\3rd_year_project\groupproject\group project\release\button.obj
c:\users\matthew\desktop\ai_branch (2)\ai_branch\3rd_year_project\groupproject\group project\release\pickupscore.obj
c:\users\matthew\desktop\ai_branch (2)\ai_branch\3rd_year_project\groupproject\group project\release\pickupmana.obj
c:\users\matthew\desktop\ai_branch (2)\ai_branch\3rd_year_project\groupproject\group project\release\pickuphealth.obj
c:\users\matthew\desktop\ai_branch (2)\ai_branch\3rd_year_project\groupproject\group project\release\pausemenu.obj
c:\users\matthew\desktop\ai_branch (2)\ai_branch\3rd_year_project\groupproject\group project\release\audiomanager.obj
c:\users\matthew\desktop\ai_branch (2)\ai_branch\3rd_year_project\groupproject\group project\release\levelexit.obj
c:\users\matthew\desktop\ai_branch (2)\ai_branch\3rd_year_project\groupproject\group project\release\level.obj
c:\users\matthew\desktop\ai_branch (2)\ai_branch\3rd_year_project\groupproject\group project\release\enemyranged.obj
c:\users\matthew\desktop\ai_branch (2)\ai_branch\3rd_year_project\groupproject\group project\release\tile.obj
c:\users\matthew\desktop\ai_branch (2)\ai_branch\3rd_year_project\groupproject\group project\release\stdafx.obj
c:\users\matthew\desktop\ai_branch (2)\ai_branch\3rd_year_project\groupproject\group project\release\spike.obj
c:\users\matthew\desktop\ai_branch (2)\ai_branch\3rd_year_project\groupproject\group project\release\projectile.obj
c:\users\matthew\desktop\ai_branch (2)\ai_branch\3rd_year_project\groupproject\release\group project.exe
c:\users\matthew\desktop\ai_branch (2)\ai_branch\3rd_year_project\groupproject\release\group project.ipdb
c:\users\matthew\desktop\ai_branch (2)\ai_branch\3rd_year_project\groupproject\release\group project.iobj
c:\users\matthew\desktop\ai_branch (2)\ai_branch\3rd_year_project\groupproject\release\group project.pdb
f:\ai_branch\ai_branch\3rd_year_project\groupproject\group project\release\audiomanager.obj
f:\ai_branch\ai_branch\3rd_year_project\groupproject\group project\release\button.obj
f:\ai_branch\ai_branch\3rd_year_project\groupproject\group project\release\collisiondetection.obj
f:\ai_branch\ai_branch\3rd_year_project\groupproject\group project\release\enemy.obj
f:\ai_branch\ai_branch\3rd_year_project\groupproject\group project\release\enemyranged.obj
f:\ai_branch\ai_branch\3rd_year_project\groupproject\group project\release\gameentrypoint.obj
f:\ai_branch\ai_branch\3rd_year_project\groupproject\group project\release\gamescreen.obj
f:\ai_branch\ai_branch\3rd_year_project\groupproject\group project\release\gamestatemanager.obj
f:\ai_branch\ai_branch\3rd_year_project\groupproject\group project\release\level.obj
f:\ai_branch\ai_branch\3rd_year_project\groupproject\group project\release\levelexit.obj
f:\ai_branch\ai_branch\3rd_year_project\groupproject\group project\release\mainmenu.obj
f:\ai_branch\ai_branch\3rd_year_project\groupproject\group project\release\menu.obj
f:\ai_branch\ai_branch\3rd_year_project\groupproject\group project\release\optionsmenu.obj
f:\ai_branch\ai_branch\3rd_year_project\groupproject\group project\release\pausemenu.obj
f:\ai_branch\ai_branch\3rd_year_project\groupproject\group project\release\pickup.obj
f:\ai_branch\ai_branch\3rd_year_project\groupproject\group project\release\pickuphealth.obj
f:\ai_branch\ai_branch\3rd_year_project\groupproject\group project\release\pickupmana.obj
f:\ai_branch\ai_branch\3rd_year_project\groupproject\group project\release\pickupscore.obj
f:\ai_branch\ai_branch\3rd_year_project\groupproject\group project\release\player.obj
f:\ai_branch\ai_branch\3rd_year_project\groupproject\group project\release\playerinput.obj
f:\ai_branch\ai_branch\3rd_year_project\groupproject\group project\release\projectile.obj
f:\ai_branch\ai_branch\3rd_year_project\groupproject\group project\release\spike.obj
f:\ai_branch\ai_branch\3rd_year_project\groupproject\group project\release\stdafx.obj
f:\ai_branch\ai_branch\3rd_year_project\groupproject\group project\release\tile.obj
f:\ai_branch\ai_branch\3rd_year_project\groupproject\group project\release\vc140.pdb
f:\ai_branch\ai_branch\3rd_year_project\groupproject\release\group project.pdb
f:\ai_branch\ai_branch\3rd_year_project\groupproject\release\group project.exe
f:\ai_branch\ai_branch\3rd_year_project\groupproject\group project\release\group project.tlog\cl.command.1.tlog
f:\ai_branch\ai_branch\3rd_year_project\groupproject\group project\release\group project.tlog\cl.read.1.tlog
f:\ai_branch\ai_branch\3rd_year_project\groupproject\group project\release\group project.tlog\cl.write.1.tlog
f:\ai_branch\ai_branch\3rd_year_project\groupproject\group project\release\group project.tlog\link.command.1.tlog
f:\ai_branch\ai_branch\3rd_year_project\groupproject\group project\release\group project.tlog\link.read.1.tlog
f:\ai_branch\ai_branch\3rd_year_project\groupproject\group project\release\group project.tlog\link.write.1.tlog
