  Level.cpp
src\Level.cpp(15): warning C4018: '<': signed/unsigned mismatch
src\Level.cpp(19): warning C4018: '<': signed/unsigned mismatch
src\Level.cpp(23): warning C4018: '<': signed/unsigned mismatch
src\Level.cpp(27): warning C4018: '<': signed/unsigned mismatch
src\Level.cpp(31): warning C4018: '<': signed/unsigned mismatch
src\Level.cpp(35): warning C4018: '<': signed/unsigned mismatch
src\Level.cpp(53): warning C4244: 'argument': conversion from 'int' to 'float', possible loss of data
src\Level.cpp(57): warning C4244: 'argument': conversion from 'int' to 'float', possible loss of data
src\Level.cpp(61): warning C4244: 'argument': conversion from 'int' to 'float', possible loss of data
src\Level.cpp(65): warning C4244: 'argument': conversion from 'int' to 'float', possible loss of data
src\Level.cpp(69): warning C4244: 'argument': conversion from 'int' to 'float', possible loss of data
src\Level.cpp(73): warning C4244: 'argument': conversion from 'int' to 'float', possible loss of data
src\Level.cpp(77): warning C4244: 'argument': conversion from 'int' to 'float', possible loss of data
  Generating code
  1 of 1123 functions ( 0.1%) were compiled, the rest were copied from previous compilation.
    0 functions were new in current compilation
    29 functions had inline decision re-evaluated but remain unchanged
  Finished generating code
  Group Project.vcxproj -> C:\Users\gameuser\Desktop\Release\3rd_Year_Project\GroupProject\Release\Group Project.exe
  Group Project.vcxproj -> C:\Users\gameuser\Desktop\Release\3rd_Year_Project\GroupProject\Release\Group Project.pdb (Full PDB)
